2017-12-13 19:35:42 561 WARN  org.springframework.beans.factory.support.DisposableBeanAdapter Thread-14 
 Invocation of destroy method failed on bean with name 'classPathFileSystemWatcher'
java.lang.NullPointerException: null
	at org.springframework.boot.devtools.filewatch.FileSystemWatcher.stopAfter(FileSystemWatcher.java:199) ~[spring-boot-devtools-1.5.8.RELEASE.jar:1.5.8.RELEASE]
	at org.springframework.boot.devtools.filewatch.FileSystemWatcher.stop(FileSystemWatcher.java:178) ~[spring-boot-devtools-1.5.8.RELEASE.jar:1.5.8.RELEASE]
	at org.springframework.boot.devtools.classpath.ClassPathFileSystemWatcher.destroy(ClassPathFileSystemWatcher.java:95) ~[spring-boot-devtools-1.5.8.RELEASE.jar:1.5.8.RELEASE]
	at org.springframework.beans.factory.support.DisposableBeanAdapter.destroy(DisposableBeanAdapter.java:272) [spring-beans-4.3.12.RELEASE.jar:4.3.12.RELEASE]
	at org.springframework.beans.factory.support.DefaultSingletonBeanRegistry.destroyBean(DefaultSingletonBeanRegistry.java:578) [spring-beans-4.3.12.RELEASE.jar:4.3.12.RELEASE]
	at org.springframework.beans.factory.support.DefaultSingletonBeanRegistry.destroySingleton(DefaultSingletonBeanRegistry.java:554) [spring-beans-4.3.12.RELEASE.jar:4.3.12.RELEASE]
	at org.springframework.beans.factory.support.DefaultListableBeanFactory.destroySingleton(DefaultListableBeanFactory.java:961) [spring-beans-4.3.12.RELEASE.jar:4.3.12.RELEASE]
	at org.springframework.beans.factory.support.DefaultSingletonBeanRegistry.destroySingletons(DefaultSingletonBeanRegistry.java:523) [spring-beans-4.3.12.RELEASE.jar:4.3.12.RELEASE]
	at org.springframework.beans.factory.support.FactoryBeanRegistrySupport.destroySingletons(FactoryBeanRegistrySupport.java:230) [spring-beans-4.3.12.RELEASE.jar:4.3.12.RELEASE]
	at org.springframework.beans.factory.support.DefaultListableBeanFactory.destroySingletons(DefaultListableBeanFactory.java:968) [spring-beans-4.3.12.RELEASE.jar:4.3.12.RELEASE]
	at org.springframework.context.support.AbstractApplicationContext.destroyBeans(AbstractApplicationContext.java:1030) [spring-context-4.3.12.RELEASE.jar:4.3.12.RELEASE]
	at org.springframework.context.support.AbstractApplicationContext.doClose(AbstractApplicationContext.java:1006) [spring-context-4.3.12.RELEASE.jar:4.3.12.RELEASE]
	at org.springframework.context.support.AbstractApplicationContext.close(AbstractApplicationContext.java:958) [spring-context-4.3.12.RELEASE.jar:4.3.12.RELEASE]
	at org.springframework.boot.devtools.restart.Restarter.stop(Restarter.java:321) [spring-boot-devtools-1.5.8.RELEASE.jar:1.5.8.RELEASE]
	at org.springframework.boot.devtools.restart.Restarter$2.call(Restarter.java:258) [spring-boot-devtools-1.5.8.RELEASE.jar:1.5.8.RELEASE]
	at org.springframework.boot.devtools.restart.Restarter$2.call(Restarter.java:254) [spring-boot-devtools-1.5.8.RELEASE.jar:1.5.8.RELEASE]
	at org.springframework.boot.devtools.restart.Restarter$LeakSafeThread.run(Restarter.java:627) [spring-boot-devtools-1.5.8.RELEASE.jar:1.5.8.RELEASE]
2017-12-13 19:35:43 910 WARN  org.springframework.beans.factory.annotation.AutowiredAnnotationBeanPostProcessor$2 restartedMain 
 Autowired annotation is not supported on static fields: private static java.lang.String com.bestv.wechat.liteapp.premierleague.controller.AppController.strCommentOnOff
2017-12-13 19:35:43 910 WARN  org.springframework.beans.factory.annotation.AutowiredAnnotationBeanPostProcessor$2 restartedMain 
 Autowired annotation is not supported on static fields: private static java.lang.String com.bestv.wechat.liteapp.premierleague.controller.AppController.strActivityPicUrl
