2017-11-22 10:30:33 400 INFO  org.springframework.boot.StartupInfoLogger restartedMain 
 Starting PremierleagueApplication on world-peace.local with PID 1609 (/Users/guoyu/IdeaProjects/premierleague/target/classes started by guoyu in /Users/guoyu/IdeaProjects/premierleague)
2017-11-22 10:30:33 402 INFO  org.springframework.boot.SpringApplication restartedMain 
 No active profile set, falling back to default profiles: default
2017-11-22 10:30:33 443 INFO  org.springframework.context.support.AbstractApplicationContext restartedMain 
 Refreshing org.springframework.boot.context.embedded.AnnotationConfigEmbeddedWebApplicationContext@5b77a845: startup date [Wed Nov 22 10:30:33 CST 2017]; root of context hierarchy
2017-11-22 10:30:33 526 INFO  org.hibernate.validator.internal.util.Version background-preinit 
 HV000001: Hibernate Validator 5.3.5.Final
2017-11-22 10:30:34 594 INFO  org.springframework.boot.context.embedded.tomcat.TomcatEmbeddedServletContainer restartedMain 
 Tomcat initialized with port(s): 8080 (http)
2017-11-22 10:30:34 603 INFO  org.apache.juli.logging.DirectJDKLog restartedMain 
 Starting service [Tomcat]
2017-11-22 10:30:34 604 INFO  org.apache.juli.logging.DirectJDKLog restartedMain 
 Starting Servlet Engine: Apache Tomcat/8.5.23
2017-11-22 10:30:34 755 INFO  org.apache.juli.logging.DirectJDKLog localhost-startStop-1 
 Initializing Spring embedded WebApplicationContext
2017-11-22 10:30:34 755 INFO  org.springframework.boot.context.embedded.EmbeddedWebApplicationContext localhost-startStop-1 
 Root WebApplicationContext: initialization completed in 1315 ms
2017-11-22 10:30:34 888 INFO  org.springframework.boot.web.servlet.ServletRegistrationBean localhost-startStop-1 
 Mapping servlet: 'dispatcherServlet' to [/]
2017-11-22 10:30:34 891 INFO  org.springframework.boot.web.servlet.AbstractFilterRegistrationBean localhost-startStop-1 
 Mapping filter: 'characterEncodingFilter' to: [/*]
2017-11-22 10:30:34 891 INFO  org.springframework.boot.web.servlet.AbstractFilterRegistrationBean localhost-startStop-1 
 Mapping filter: 'hiddenHttpMethodFilter' to: [/*]
2017-11-22 10:30:34 891 INFO  org.springframework.boot.web.servlet.AbstractFilterRegistrationBean localhost-startStop-1 
 Mapping filter: 'httpPutFormContentFilter' to: [/*]
2017-11-22 10:30:34 891 INFO  org.springframework.boot.web.servlet.AbstractFilterRegistrationBean localhost-startStop-1 
 Mapping filter: 'requestContextFilter' to: [/*]
2017-11-22 10:30:34 954 INFO  com.bestv.wechat.liteapp.premierleague.config.DataSourceConfig restartedMain 
 -------------------- writeDataSource init ---------------------
2017-11-22 10:30:35 050 INFO  com.bestv.wechat.liteapp.premierleague.config.MybatisConfig restartedMain 
 --------------------  sqlSessionFactory init ---------------------
2017-11-22 10:30:35 567 INFO  org.springframework.web.servlet.mvc.method.annotation.RequestMappingHandlerAdapter restartedMain 
 Looking for @ControllerAdvice: org.springframework.boot.context.embedded.AnnotationConfigEmbeddedWebApplicationContext@5b77a845: startup date [Wed Nov 22 10:30:33 CST 2017]; root of context hierarchy
2017-11-22 10:30:35 611 INFO  org.springframework.web.servlet.handler.AbstractHandlerMethodMapping$MappingRegistry restartedMain 
 Mapped "{[/premierleague/init],methods=[GET]}" onto java.lang.String com.bestv.wechat.liteapp.premierleague.controller.LiteappController.init()
2017-11-22 10:30:35 612 INFO  org.springframework.web.servlet.handler.AbstractHandlerMethodMapping$MappingRegistry restartedMain 
 Mapped "{[/premierleague/auth2/callback],methods=[GET]}" onto void com.bestv.wechat.liteapp.premierleague.controller.SinaAuthController.eceiveCode(javax.servlet.http.HttpServletRequest,javax.servlet.http.HttpServletResponse)
2017-11-22 10:30:35 616 INFO  org.springframework.web.servlet.handler.AbstractHandlerMethodMapping$MappingRegistry restartedMain 
 Mapped "{[/error]}" onto public org.springframework.http.ResponseEntity<java.util.Map<java.lang.String, java.lang.Object>> org.springframework.boot.autoconfigure.web.BasicErrorController.error(javax.servlet.http.HttpServletRequest)
2017-11-22 10:30:35 616 INFO  org.springframework.web.servlet.handler.AbstractHandlerMethodMapping$MappingRegistry restartedMain 
 Mapped "{[/error],produces=[text/html]}" onto public org.springframework.web.servlet.ModelAndView org.springframework.boot.autoconfigure.web.BasicErrorController.errorHtml(javax.servlet.http.HttpServletRequest,javax.servlet.http.HttpServletResponse)
2017-11-22 10:30:35 662 INFO  org.springframework.web.servlet.handler.AbstractUrlHandlerMapping restartedMain 
 Mapped URL path [/webjars/**] onto handler of type [class org.springframework.web.servlet.resource.ResourceHttpRequestHandler]
2017-11-22 10:30:35 662 INFO  org.springframework.web.servlet.handler.AbstractUrlHandlerMapping restartedMain 
 Mapped URL path [/**] onto handler of type [class org.springframework.web.servlet.resource.ResourceHttpRequestHandler]
2017-11-22 10:30:35 705 INFO  org.springframework.web.servlet.handler.AbstractUrlHandlerMapping restartedMain 
 Mapped URL path [/**/favicon.ico] onto handler of type [class org.springframework.web.servlet.resource.ResourceHttpRequestHandler]
2017-11-22 10:30:35 966 INFO  org.springframework.boot.devtools.autoconfigure.OptionalLiveReloadServer restartedMain 
 LiveReload server is running on port 35729
2017-11-22 10:30:36 019 INFO  org.springframework.jmx.export.MBeanExporter restartedMain 
 Registering beans for JMX exposure on startup
2017-11-22 10:30:36 020 INFO  org.springframework.jmx.export.MBeanExporter restartedMain 
 Bean with name 'dataSource' has been autodetected for JMX exposure
2017-11-22 10:30:36 024 INFO  org.springframework.jmx.export.MBeanExporter restartedMain 
 Located MBean 'dataSource': registering with JMX server as MBean [com.alibaba.druid.pool:name=dataSource,type=DruidDataSource]
2017-11-22 10:30:36 047 INFO  org.apache.juli.logging.DirectJDKLog restartedMain 
 Initializing ProtocolHandler ["http-nio-8080"]
2017-11-22 10:30:36 053 INFO  org.apache.juli.logging.DirectJDKLog restartedMain 
 Starting ProtocolHandler ["http-nio-8080"]
2017-11-22 10:30:36 066 INFO  org.apache.juli.logging.DirectJDKLog restartedMain 
 Using a shared selector for servlet write/read
2017-11-22 10:30:36 075 INFO  org.springframework.boot.context.embedded.tomcat.TomcatEmbeddedServletContainer restartedMain 
 Tomcat started on port(s): 8080 (http)
2017-11-22 10:30:36 079 INFO  org.springframework.boot.StartupInfoLogger restartedMain 
 Started PremierleagueApplication in 2.882 seconds (JVM running for 3.573)
2017-11-22 10:30:40 275 INFO  org.apache.juli.logging.DirectJDKLog http-nio-8080-exec-1 
 Initializing Spring FrameworkServlet 'dispatcherServlet'
2017-11-22 10:30:40 275 INFO  org.springframework.web.servlet.FrameworkServlet http-nio-8080-exec-1 
 FrameworkServlet 'dispatcherServlet': initialization started
2017-11-22 10:30:40 292 INFO  org.springframework.web.servlet.FrameworkServlet http-nio-8080-exec-1 
 FrameworkServlet 'dispatcherServlet': initialization completed in 17 ms
2017-11-22 17:24:07 984 INFO  org.springframework.context.support.AbstractApplicationContext Thread-15 
 Closing org.springframework.boot.context.embedded.AnnotationConfigEmbeddedWebApplicationContext@5b77a845: startup date [Wed Nov 22 10:30:33 CST 2017]; root of context hierarchy
2017-11-22 17:24:07 987 INFO  org.springframework.jmx.export.MBeanExporter Thread-15 
 Unregistering JMX-exposed beans on shutdown
2017-11-22 17:24:07 987 INFO  org.springframework.jmx.support.MBeanRegistrationSupport Thread-15 
 Unregistering JMX-exposed beans
